# JRE version: OpenJDK Runtime Environment Corretto-17.0.9.8.1 (17.0.9+8) (build 17.0.9+8-LTS)
# Java VM: OpenJDK 64-Bit Server VM Corretto-17.0.9.8.1 (17.0.9+8-LTS, mixed mode, sharing, tiered, compressed oops, compressed class ptrs, g1 gc, windows-amd64)
GC Precious Log:
 CPUs: 8 total, 8 available
 Memory: 7900M
 Large Page Support: Disabled
 NUMA Support: Disabled
 Compressed Oops: Enabled (32-bit)
 Heap Region Size: 1M
 Heap Min Capacity: 8M
 Heap Initial Capacity: 124M
 Heap Max Capacity: 2G
 Pre-touch: Disabled
 Parallel Workers: 8
 Concurrent Workers: 2
 Concurrent Refinement Workers: 8
 Periodic GC: Disabled
Heap:
 garbage-first heap   total 390144K, used 149648K [0x0000000080000000, 0x0000000100000000)
  region size 1024K, 11 young (11264K), 11 survivors (11264K)
 Metaspace       used 98100K, committed 99136K, reserved 557056K
  class space    used 13713K, committed 14208K, reserved 425984K
GC Heap History (20 events):
Event: 88.012 GC heap after
{Heap after GC invocations=39 (full 0):
 garbage-first heap   total 138240K, used 83833K [0x0000000080000000, 0x0000000100000000)
  region size 1024K, 3 young (3072K), 3 survivors (3072K)
 Metaspace       used 70856K, committed 71616K, reserved 491520K
  class space    used 9892K, committed 10240K, reserved 425984K
}
Event: 88.032 GC heap before
{Heap before GC invocations=39 (full 0):
 garbage-first heap   total 138240K, used 86905K [0x0000000080000000, 0x0000000100000000)
  region size 1024K, 6 young (6144K), 3 survivors (3072K)
 Metaspace       used 70856K, committed 71616K, reserved 491520K
  class space    used 9892K, committed 10240K, reserved 425984K
}
Event: 88.068 GC heap after
{Heap after GC invocations=40 (full 0):
 garbage-first heap   total 138240K, used 85078K [0x0000000080000000, 0x0000000100000000)
  region size 1024K, 1 young (1024K), 1 survivors (1024K)
 Metaspace       used 70856K, committed 71616K, reserved 491520K
  class space    used 9892K, committed 10240K, reserved 425984K
}
Event: 88.538 GC heap before
{Heap before GC invocations=40 (full 0):
 garbage-first heap   total 138240K, used 107606K [0x0000000080000000, 0x0000000100000000)
  region size 1024K, 22 young (22528K), 1 survivors (1024K)
 Metaspace       used 72018K, committed 72768K, reserved 491520K
  class space    used 10049K, committed 10368K, reserved 425984K
}
Event: 88.553 GC heap after
{Heap after GC invocations=41 (full 0):
 garbage-first heap   total 390144K, used 87286K [0x0000000080000000, 0x0000000100000000)
  region size 1024K, 3 young (3072K), 3 survivors (3072K)
 Metaspace       used 72018K, committed 72768K, reserved 491520K
  class space    used 10049K, committed 10368K, reserved 425984K
}
Event: 91.057 GC heap before
{Heap before GC invocations=42 (full 0):
 garbage-first heap   total 296960K, used 172278K [0x0000000080000000, 0x0000000100000000)
  region size 1024K, 88 young (90112K), 3 survivors (3072K)
 Metaspace       used 77181K, committed 77952K, reserved 557056K
  class space    used 10744K, committed 11072K, reserved 425984K
}
Event: 91.071 GC heap after
{Heap after GC invocations=43 (full 0):
 garbage-first heap   total 296960K, used 88327K [0x0000000080000000, 0x0000000100000000)
  region size 1024K, 7 young (7168K), 7 survivors (7168K)
 Metaspace       used 77181K, committed 77952K, reserved 557056K
  class space    used 10744K, committed 11072K, reserved 425984K
}
Event: 91.139 GC heap before
{Heap before GC invocations=43 (full 0):
 garbage-first heap   total 296960K, used 95495K [0x0000000080000000, 0x0000000100000000)
  region size 1024K, 14 young (14336K), 7 survivors (7168K)
 Metaspace       used 77212K, committed 77952K, reserved 557056K
  class space    used 10748K, committed 11072K, reserved 425984K
}
Event: 91.217 GC heap after
{Heap after GC invocations=44 (full 0):
 garbage-first heap   total 296960K, used 89445K [0x0000000080000000, 0x0000000100000000)
  region size 1024K, 2 young (2048K), 2 survivors (2048K)
 Metaspace       used 77212K, committed 77952K, reserved 557056K
  class space    used 10748K, committed 11072K, reserved 425984K
}
Event: 108.133 GC heap before
{Heap before GC invocations=44 (full 0):
 garbage-first heap   total 296960K, used 219493K [0x0000000080000000, 0x0000000100000000)
  region size 1024K, 128 young (131072K), 2 survivors (2048K)
 Metaspace       used 84618K, committed 85376K, reserved 557056K
  class space    used 11939K, committed 12288K, reserved 425984K
}
Event: 108.233 GC heap after
{Heap after GC invocations=45 (full 0):
 garbage-first heap   total 296960K, used 94835K [0x0000000080000000, 0x0000000100000000)
  region size 1024K, 7 young (7168K), 7 survivors (7168K)
 Metaspace       used 84618K, committed 85376K, reserved 557056K
  class space    used 11939K, committed 12288K, reserved 425984K
}
Event: 119.965 GC heap before
{Heap before GC invocations=45 (full 0):
 garbage-first heap   total 296960K, used 227955K [0x0000000080000000, 0x0000000100000000)
  region size 1024K, 133 young (136192K), 7 survivors (7168K)
 Metaspace       used 88475K, committed 89280K, reserved 557056K
  class space    used 12462K, committed 12864K, reserved 425984K
}
Event: 120.401 GC heap after
{Heap after GC invocations=46 (full 0):
 garbage-first heap   total 296960K, used 117266K [0x0000000080000000, 0x0000000100000000)
  region size 1024K, 17 young (17408K), 17 survivors (17408K)
 Metaspace       used 88475K, committed 89280K, reserved 557056K
  class space    used 12462K, committed 12864K, reserved 425984K
}
Event: 122.564 GC heap before
{Heap before GC invocations=46 (full 0):
 garbage-first heap   total 296960K, used 153106K [0x0000000080000000, 0x0000000100000000)
  region size 1024K, 52 young (53248K), 17 survivors (17408K)
 Metaspace       used 90141K, committed 91008K, reserved 557056K
  class space    used 12668K, committed 13056K, reserved 425984K
}
Event: 122.754 GC heap after
{Heap after GC invocations=47 (full 0):
 garbage-first heap   total 296960K, used 126689K [0x0000000080000000, 0x0000000100000000)
  region size 1024K, 7 young (7168K), 7 survivors (7168K)
 Metaspace       used 90141K, committed 91008K, reserved 557056K
  class space    used 12668K, committed 13056K, reserved 425984K
}
Event: 126.653 GC heap before
{Heap before GC invocations=47 (full 0):
 garbage-first heap   total 296960K, used 172769K [0x0000000080000000, 0x0000000100000000)
  region size 1024K, 50 young (51200K), 7 survivors (7168K)
 Metaspace       used 90796K, committed 91712K, reserved 557056K
  class space    used 12735K, committed 13120K, reserved 425984K
}
Event: 126.721 GC heap after
{Heap after GC invocations=48 (full 0):
 garbage-first heap   total 296960K, used 137216K [0x0000000080000000, 0x0000000100000000)
  region size 1024K, 7 young (7168K), 7 survivors (7168K)
 Metaspace       used 90796K, committed 91712K, reserved 557056K
  class space    used 12735K, committed 13120K, reserved 425984K
}
Event: 128.989 GC heap before
{Heap before GC invocations=48 (full 0):
 garbage-first heap   total 296960K, used 196608K [0x0000000080000000, 0x0000000100000000)
  region size 1024K, 65 young (66560K), 7 survivors (7168K)
 Metaspace       used 95969K, committed 96896K, reserved 557056K
  class space    used 13451K, committed 13888K, reserved 425984K
}
Event: 129.040 GC heap after
{Heap after GC invocations=49 (full 0):
 garbage-first heap   total 296960K, used 141008K [0x0000000080000000, 0x0000000100000000)
  region size 1024K, 4 young (4096K), 4 survivors (4096K)
 Metaspace       used 95969K, committed 96896K, reserved 557056K
  class space    used 13451K, committed 13888K, reserved 425984K
}
Event: 132.677 GC heap before
{Heap before GC invocations=49 (full 0):
 garbage-first heap   total 296960K, used 224976K [0x0000000080000000, 0x0000000100000000)
  region size 1024K, 86 young (88064K), 4 survivors (4096K)
 Metaspace       used 98100K, committed 99136K, reserved 557056K
  class space    used 13713K, committed 14208K, reserved 425984K
}

